<?xml version="1.0" encoding="UTF-8"?>
<!-- Generated by org.testng.reporters.JUnitXMLReporter -->
<testsuite hostname="Mira-PC" name="Default test" tests="3" failures="0" timestamp="3 Aug 2014 11:12:56 GMT" time="12.631" errors="0">
  <testcase name="testEmptyGroupCreation" time="1.873" classname="com.example.tests.GroupCreationTests"/>
  <testcase name="testNonEmptyGroupCreation" time="2.223" classname="com.example.tests.GroupCreationTests"/>
  <testcase name="testNonEmptyContactCreation" time="2.07" classname="com.example.tests.ContactCreationTest"/>
</testsuite> <!-- Default test -->
