<?xml version="1.0" encoding="UTF-8"?>
<testng-results skipped="0" failed="0" total="1" passed="1">
  <reporter-output>
  </reporter-output>
  <suite name="Default suite" duration-ms="7218" started-at="2014-09-28T14:42:47Z" finished-at="2014-09-28T14:42:54Z">
    <groups>
    </groups>
    <test name="Default test" duration-ms="7218" started-at="2014-09-28T14:42:47Z" finished-at="2014-09-28T14:42:54Z">
      <class name="com.example.tests.TestContactCreation">
        <test-method status="PASS" signature="setUp(java.lang.String)[pri:0, instance:com.example.tests.TestContactCreation@6c9bc6a9]" name="setUp" is-config="true" duration-ms="18" started-at="2014-09-28T17:42:47Z" finished-at="2014-09-28T17:42:47Z">
          <params>
            <param index="0">
              <value is-null="true"/>
            </param>
          </params>
          <reporter-output>
          </reporter-output>
        </test-method> <!-- setUp -->
        <test-method status="PASS" signature="shouldCreateContactWithValidData()[pri:0, instance:com.example.tests.TestContactCreation@6c9bc6a9]" name="shouldCreateContactWithValidData" duration-ms="7178" started-at="2014-09-28T17:42:47Z" finished-at="2014-09-28T17:42:54Z">
          <reporter-output>
          </reporter-output>
        </test-method> <!-- shouldCreateContactWithValidData -->
        <test-method status="PASS" signature="tearDown()[pri:0, instance:com.example.tests.TestContactCreation@6c9bc6a9]" name="tearDown" is-config="true" duration-ms="1" started-at="2014-09-28T17:42:54Z" finished-at="2014-09-28T17:42:54Z">
          <reporter-output>
          </reporter-output>
        </test-method> <!-- tearDown -->
      </class> <!-- com.example.tests.TestContactCreation -->
    </test> <!-- Default test -->
  </suite> <!-- Default suite -->
</testng-results>
