<?xml version="1.0" encoding="UTF-8"?>
<testng-results skipped="0" failed="0" total="5" passed="5">
  <reporter-output>
  </reporter-output>
  <suite name="Default suite" duration-ms="2142449" started-at="2014-09-14T11:29:13Z" finished-at="2014-09-14T12:04:56Z">
    <groups>
    </groups>
    <test name="Default test" duration-ms="2142449" started-at="2014-09-14T11:29:13Z" finished-at="2014-09-14T12:04:56Z">
      <class name="com.example.tests.GroupCreationTests">
        <test-method status="PASS" signature="setUp()[pri:0, instance:com.example.tests.GroupCreationTests@66e27547]" name="setUp" is-config="true" duration-ms="2706" started-at="2014-09-14T14:29:13Z" finished-at="2014-09-14T14:29:16Z">
          <reporter-output>
          </reporter-output>
        </test-method> <!-- setUp -->
        <test-method status="PASS" signature="testGroupCreationWithValidData(com.example.tests.GroupData)[pri:0, instance:com.example.tests.GroupCreationTests@66e27547]" name="testGroupCreationWithValidData" duration-ms="390812" started-at="2014-09-14T14:29:16Z" data-provider="groupsFromFile" finished-at="2014-09-14T14:35:47Z">
          <params>
            <param index="0">
              <value>
                <![CDATA[GroupData [name=testName-524417282aercxeleclptspzwqomw, header=testName1609069172pmonricpuzcjtvpwfrco, footer=]]]>
              </value>
            </param>
          </params>
          <reporter-output>
          </reporter-output>
        </test-method> <!-- testGroupCreationWithValidData -->
        <test-method status="PASS" signature="testGroupCreationWithValidData(com.example.tests.GroupData)[pri:0, instance:com.example.tests.GroupCreationTests@66e27547]" name="testGroupCreationWithValidData" duration-ms="391788" started-at="2014-09-14T14:35:47Z" data-provider="groupsFromFile" finished-at="2014-09-14T14:42:19Z">
          <params>
            <param index="0">
              <value>
                <![CDATA[GroupData [name=, header=testName-330628150qdfalqwxpeifaayplkob, footer=testName-1556938331rltazzuynhsylcyxvriw]]]>
              </value>
            </param>
          </params>
          <reporter-output>
          </reporter-output>
        </test-method> <!-- testGroupCreationWithValidData -->
        <test-method status="PASS" signature="testGroupCreationWithValidData(com.example.tests.GroupData)[pri:0, instance:com.example.tests.GroupCreationTests@66e27547]" name="testGroupCreationWithValidData" duration-ms="381959" started-at="2014-09-14T14:42:19Z" data-provider="groupsFromFile" finished-at="2014-09-14T14:48:41Z">
          <params>
            <param index="0">
              <value>
                <![CDATA[GroupData [name=, header=testName1606834374jylgrjtxfxmwzbwcqfqt, footer=testName581300613iahxovhmdeguvwnanjow]]]>
              </value>
            </param>
          </params>
          <reporter-output>
          </reporter-output>
        </test-method> <!-- testGroupCreationWithValidData -->
        <test-method status="PASS" signature="testGroupCreationWithValidData(com.example.tests.GroupData)[pri:0, instance:com.example.tests.GroupCreationTests@66e27547]" name="testGroupCreationWithValidData" duration-ms="581775" started-at="2014-09-14T14:48:41Z" data-provider="groupsFromFile" finished-at="2014-09-14T14:58:22Z">
          <params>
            <param index="0">
              <value>
                <![CDATA[GroupData [name=testName-1253668600qnagdqkztovhheuxzysj, header=testName1499993975rznyvfpswlvykuucjcgl, footer=testName2079235705oeuxjjxzyqwpwbbkkxdj]]]>
              </value>
            </param>
          </params>
          <reporter-output>
          </reporter-output>
        </test-method> <!-- testGroupCreationWithValidData -->
        <test-method status="PASS" signature="testGroupCreationWithValidData(com.example.tests.GroupData)[pri:0, instance:com.example.tests.GroupCreationTests@66e27547]" name="testGroupCreationWithValidData" duration-ms="392117" started-at="2014-09-14T14:58:22Z" data-provider="groupsFromFile" finished-at="2014-09-14T15:04:54Z">
          <params>
            <param index="0">
              <value>
                <![CDATA[GroupData [name=testName-2034969402anbqfcxbxmymqqvxbzve, header=, footer=testName1496011838bmvpzynwkcmlggegvski]]]>
              </value>
            </param>
          </params>
          <reporter-output>
          </reporter-output>
        </test-method> <!-- testGroupCreationWithValidData -->
        <test-method status="PASS" signature="tearDown()[pri:0, instance:com.example.tests.GroupCreationTests@66e27547]" name="tearDown" is-config="true" duration-ms="1053" started-at="2014-09-14T15:04:54Z" finished-at="2014-09-14T15:04:56Z">
          <reporter-output>
          </reporter-output>
        </test-method> <!-- tearDown -->
      </class> <!-- com.example.tests.GroupCreationTests -->
    </test> <!-- Default test -->
  </suite> <!-- Default suite -->
</testng-results>
